c:\2014 fall\comp215 - algorithms\programs\a0\hw1\hw1\debug\hw1.pch
c:\2014 fall\comp215 - algorithms\programs\a0\hw1\hw1\debug\vc120.pdb
c:\2014 fall\comp215 - algorithms\programs\a0\hw1\hw1\debug\vc120.idb
c:\2014 fall\comp215 - algorithms\programs\a0\hw1\hw1\debug\stdafx.obj
c:\2014 fall\comp215 - algorithms\programs\a0\hw1\hw1\debug\main.obj
c:\2014 fall\comp215 - algorithms\programs\a0\hw1\hw1\debug\node.obj
c:\2014 fall\comp215 - algorithms\programs\a0\hw1\hw1\debug\tree.obj
c:\2014 fall\comp215 - algorithms\programs\a0\hw1\debug\hw1.pdb
c:\2014 fall\comp215 - algorithms\programs\a0\hw1\hw1\debug\hw1.tlog\cl.command.1.tlog
c:\2014 fall\comp215 - algorithms\programs\a0\hw1\hw1\debug\hw1.tlog\cl.read.1.tlog
c:\2014 fall\comp215 - algorithms\programs\a0\hw1\hw1\debug\hw1.tlog\cl.write.1.tlog
c:\2014 fall\comp215 - algorithms\programs\a0\hw1\hw1\debug\hw1.tlog\link-cvtres.read.1.tlog
c:\2014 fall\comp215 - algorithms\programs\a0\hw1\hw1\debug\hw1.tlog\link-cvtres.write.1.tlog
c:\2014 fall\comp215 - algorithms\programs\a0\hw1\hw1\debug\hw1.tlog\link-rc.read.1.tlog
c:\2014 fall\comp215 - algorithms\programs\a0\hw1\hw1\debug\hw1.tlog\link-rc.write.1.tlog
c:\2014 fall\comp215 - algorithms\programs\a0\hw1\hw1\debug\hw1.tlog\link.6820-cvtres.read.1.tlog
c:\2014 fall\comp215 - algorithms\programs\a0\hw1\hw1\debug\hw1.tlog\link.6820-cvtres.write.1.tlog
c:\2014 fall\comp215 - algorithms\programs\a0\hw1\hw1\debug\hw1.tlog\link.6820-rc.read.1.tlog
c:\2014 fall\comp215 - algorithms\programs\a0\hw1\hw1\debug\hw1.tlog\link.6820-rc.write.1.tlog
c:\2014 fall\comp215 - algorithms\programs\a0\hw1\hw1\debug\hw1.tlog\link.6820.read.1.tlog
c:\2014 fall\comp215 - algorithms\programs\a0\hw1\hw1\debug\hw1.tlog\link.6820.write.1.tlog
c:\2014 fall\comp215 - algorithms\programs\a0\hw1\hw1\debug\hw1.tlog\link.command.1.tlog
c:\2014 fall\comp215 - algorithms\programs\a0\hw1\hw1\debug\hw1.tlog\link.read.1.tlog
c:\2014 fall\comp215 - algorithms\programs\a0\hw1\hw1\debug\hw1.tlog\link.write.1.tlog
